<?xml version="1.0" encoding="UTF-8"?>
<testsuite name="com.chatApp.Server_Socket.ServerSocketApplicationTests" tests="1" skipped="0" failures="0" errors="0" timestamp="2024-09-01T15:19:26" hostname="orpheus" time="1.077">
  <properties/>
  <testcase name="contextLoads()" classname="com.chatApp.Server_Socket.ServerSocketApplicationTests" time="1.077"/>
  <system-out><![CDATA[11:19:24.542 [Test worker] INFO org.springframework.test.context.support.AnnotationConfigContextLoaderUtils -- Could not detect default configuration classes for test class [com.chatApp.Server_Socket.ServerSocketApplicationTests]: ServerSocketApplicationTests does not declare any static, non-private, non-final, nested classes annotated with @Configuration.
11:19:24.627 [Test worker] INFO org.springframework.boot.test.context.SpringBootTestContextBootstrapper -- Found @SpringBootConfiguration com.chatApp.Server_Socket.ServerSocketApplication for test class com.chatApp.Server_Socket.ServerSocketApplicationTests

  .   ____          _            __ _ _
 /\\ / ___'_ __ _ _(_)_ __  __ _ \ \ \ \
( ( )\___ | '_ | '_| | '_ \/ _` | \ \ \ \
 \\/  ___)| |_)| | | | | || (_| |  ) ) ) )
  '  |____| .__|_| |_|_| |_\__, | / / / /
 =========|_|==============|___/=/_/_/_/

 :: Spring Boot ::                (v3.3.3)

2024-09-01T11:19:24.969-04:00  INFO 9426 --- [Server_Socket] [    Test worker] c.c.S.ServerSocketApplicationTests       : Starting ServerSocketApplicationTests using Java 17.0.12 with PID 9426 (started by orpheus in /home/orpheus/school/FINAL/Chat-Server2)
2024-09-01T11:19:24.972-04:00  INFO 9426 --- [Server_Socket] [    Test worker] c.c.S.ServerSocketApplicationTests       : No active profile set, falling back to 1 default profile: "default"
2024-09-01T11:19:26.362-04:00  INFO 9426 --- [Server_Socket] [    Test worker] o.s.m.s.b.SimpleBrokerMessageHandler     : Starting...
2024-09-01T11:19:26.365-04:00  INFO 9426 --- [Server_Socket] [    Test worker] o.s.m.s.b.SimpleBrokerMessageHandler     : BrokerAvailabilityEvent[available=true, SimpleBrokerMessageHandler [org.springframework.messaging.simp.broker.DefaultSubscriptionRegistry@6a6c7f42]]
2024-09-01T11:19:26.368-04:00  INFO 9426 --- [Server_Socket] [    Test worker] o.s.m.s.b.SimpleBrokerMessageHandler     : Started.
2024-09-01T11:19:26.393-04:00  INFO 9426 --- [Server_Socket] [    Test worker] c.c.S.ServerSocketApplicationTests       : Started ServerSocketApplicationTests in 1.639 seconds (process running for 2.496)
]]></system-out>
  <system-err><![CDATA[]]></system-err>
</testsuite>
